2021-11-17 09:06:59,264 INFO 12048 [egg-sequelize](2ms) Executed (default): SELECT `house`.`id`, `house`.`name`, `house`.`info`, `house`.`addres`, `house`.`price`, `house`.`cityCode`, `house`.`showCount` FROM `house` AS `house` ORDER BY `house`.`showCount` DESC LIMIT 4;
2021-11-17 09:06:59,270 INFO 12048 [egg-sequelize](3ms) Executed (default): SELECT `imgs`.* FROM (SELECT * FROM (SELECT `id`, `url`, `houseId` FROM `imgs` AS `imgs` WHERE `imgs`.`houseId` = 2 LIMIT 1) AS sub UNION ALL SELECT * FROM (SELECT `id`, `url`, `houseId` FROM `imgs` AS `imgs` WHERE `imgs`.`houseId` = 1 LIMIT 1) AS sub UNION ALL SELECT * FROM (SELECT `id`, `url`, `houseId` FROM `imgs` AS `imgs` WHERE `imgs`.`houseId` = 3 LIMIT 1) AS sub UNION ALL SELECT * FROM (SELECT `id`, `url`, `houseId` FROM `imgs` AS `imgs` WHERE `imgs`.`houseId` = 4 LIMIT 1) AS sub) AS `imgs`;
2021-11-17 09:07:04,735 INFO 12048 [egg-sequelize](4ms) Executed (default): SELECT `house`.`id`, `house`.`name`, `house`.`info`, `house`.`addres`, `house`.`price`, `house`.`cityCode`, `house`.`showCount` FROM `house` AS `house` ORDER BY `house`.`showCount` DESC LIMIT 4;
2021-11-17 09:07:04,741 INFO 12048 [egg-sequelize](1ms) Executed (default): SELECT `imgs`.* FROM (SELECT * FROM (SELECT `id`, `url`, `houseId` FROM `imgs` AS `imgs` WHERE `imgs`.`houseId` = 2 LIMIT 1) AS sub UNION ALL SELECT * FROM (SELECT `id`, `url`, `houseId` FROM `imgs` AS `imgs` WHERE `imgs`.`houseId` = 1 LIMIT 1) AS sub UNION ALL SELECT * FROM (SELECT `id`, `url`, `houseId` FROM `imgs` AS `imgs` WHERE `imgs`.`houseId` = 3 LIMIT 1) AS sub UNION ALL SELECT * FROM (SELECT `id`, `url`, `houseId` FROM `imgs` AS `imgs` WHERE `imgs`.`houseId` = 4 LIMIT 1) AS sub) AS `imgs`;
2021-11-17 09:07:07,122 INFO 12048 [egg-sequelize](2ms) Executed (default): SELECT `house`.`id`, `house`.`name`, `house`.`info`, `house`.`addres`, `house`.`price`, `house`.`cityCode`, `house`.`showCount`, `house`.`publishTime`, `house`.`startTime`, `house`.`endTime`, `imgs`.`id` AS `imgs.id`, `imgs`.`url` AS `imgs.url` FROM `house` AS `house` LEFT OUTER JOIN `imgs` AS `imgs` ON `house`.`id` = `imgs`.`houseId` WHERE `house`.`id` = 2;
2021-11-17 09:07:07,137 INFO 12048 [egg-sequelize](9ms) Executed (default): UPDATE `house` SET `showCount`=? WHERE `id` = ?
2021-11-17 09:07:07,425 INFO 12048 [egg-sequelize](4ms) Executed (default): SELECT `id`, `username`, `password`, `avatar`, `phone`, `sign`, `createTime`, `updateTime` FROM `user` AS `user` WHERE `user`.`username` = 'admin' LIMIT 1;
2021-11-17 09:07:07,443 INFO 12048 [egg-sequelize](11ms) Executed (default): SELECT `comment`.`id`, `comment`.`userId`, `comment`.`houseId`, `comment`.`msg`, `comment`.`createTime`, `user`.`id` AS `user.id`, `user`.`avatar` AS `user.avatar`, `user`.`username` AS `user.username` FROM `comment` AS `comment` LEFT OUTER JOIN `user` AS `user` ON `comment`.`userId` = `user`.`id` WHERE `comment`.`houseId` = 2 AND `comment`.`userId` = 1 LIMIT 0, 8;
2021-11-17 09:07:07,451 INFO 12048 [egg-sequelize](5ms) Executed (default): SELECT `id`, `username`, `password`, `avatar`, `phone`, `sign`, `createTime`, `updateTime` FROM `user` AS `user` WHERE `user`.`username` = 'admin' LIMIT 1;
2021-11-17 09:07:07,457 INFO 12048 [egg-sequelize](1ms) Executed (default): SELECT `id`, `order_number`, `userId`, `houseId`, `isPayed`, `createTime`, `updateTime` FROM `orders` AS `orders` WHERE `orders`.`userId` = 'admin' AND `orders`.`houseId` = 2 LIMIT 1;
2021-11-17 09:10:44,692 INFO 12048 [egg-sequelize](2ms) Executed (default): SELECT `id`, `username`, `password`, `avatar`, `phone`, `sign`, `createTime`, `updateTime` FROM `user` AS `user` WHERE `user`.`username` = 'admin' LIMIT 1;
2021-11-17 09:10:44,700 INFO 12048 [egg-sequelize](2ms) Executed (default): INSERT INTO `orders` (`id`,`userId`,`houseId`,`isPayed`,`createTime`) VALUES (DEFAULT,?,?,?,?);
2021-11-17 09:10:44,703 ERROR 12048 [admin/127.0.0.1/-/18ms POST /api/orders/addOrder] nodejs.SequelizeDatabaseError: Incorrect integer value: 'admin' for column 'userId' at row 1
    at Query.formatError (D:\studydemo\react-hooks-egg-server\node_modules\_sequelize@6.9.0@sequelize\lib\dialects\mysql\query.js:265:16)
    at Query.run (D:\studydemo\react-hooks-egg-server\node_modules\_sequelize@6.9.0@sequelize\lib\dialects\mysql\query.js:77:18)
    at processTicksAndRejections (internal/process/task_queues.js:94:5)
name: "SequelizeDatabaseError"
parent: {"code":"ER_TRUNCATED_WRONG_VALUE_FOR_FIELD","errno":1366,"sqlState":"HY000","sqlMessage":"Incorrect integer value: 'admin' for column 'userId' at row 1","sql":"INSERT INTO `orders` (`id`,`userId`,`houseId`,`isPayed`,`createTime`) VALUES (DEFAULT,?,?,?,?);","parameters":["admin",2,0,"2021-11-17 01:10:44"]}
original: {"code":"ER_TRUNCATED_WRONG_VALUE_FOR_FIELD","errno":1366,"sqlState":"HY000","sqlMessage":"Incorrect integer value: 'admin' for column 'userId' at row 1","sql":"INSERT INTO `orders` (`id`,`userId`,`houseId`,`isPayed`,`createTime`) VALUES (DEFAULT,?,?,?,?);","parameters":["admin",2,0,"2021-11-17 01:10:44"]}
sql: "INSERT INTO `orders` (`id`,`userId`,`houseId`,`isPayed`,`createTime`) VALUES (DEFAULT,?,?,?,?);"
parameters: ["admin",2,0,"2021-11-17 01:10:44"]
pid: 12048
hostname: PC-20190909VBLF

2021-11-17 09:12:56,801 INFO 8512 [egg-sequelize](1ms) Executed (default): SELECT 1+1 AS result
2021-11-17 09:12:59,433 INFO 10856 [egg-sequelize](1ms) Executed (default): SELECT 1+1 AS result
2021-11-17 09:13:00,622 INFO 10856 [egg-sequelize](40ms) Executed (default): SELECT `id`, `username`, `password`, `avatar`, `phone`, `sign`, `createTime`, `updateTime` FROM `user` AS `user` WHERE `user`.`username` = 'admin' LIMIT 1;
2021-11-17 09:13:00,641 INFO 10856 [egg-sequelize](7ms) Executed (default): SELECT `house`.`id`, `house`.`name`, `house`.`info`, `house`.`addres`, `house`.`price`, `house`.`cityCode`, `house`.`showCount`, `house`.`publishTime`, `house`.`startTime`, `house`.`endTime`, `imgs`.`id` AS `imgs.id`, `imgs`.`url` AS `imgs.url` FROM `house` AS `house` LEFT OUTER JOIN `imgs` AS `imgs` ON `house`.`id` = `imgs`.`houseId` WHERE `house`.`id` = '2';
2021-11-17 09:13:00,656 INFO 10856 [egg-sequelize](11ms) Executed (default): SELECT `comment`.`id`, `comment`.`userId`, `comment`.`houseId`, `comment`.`msg`, `comment`.`createTime`, `user`.`id` AS `user.id`, `user`.`avatar` AS `user.avatar`, `user`.`username` AS `user.username` FROM `comment` AS `comment` LEFT OUTER JOIN `user` AS `user` ON `comment`.`userId` = `user`.`id` WHERE `comment`.`houseId` = '2' AND `comment`.`userId` = 1 LIMIT 0, 8;
2021-11-17 09:13:00,703 INFO 10856 [egg-sequelize](36ms) Executed (default): UPDATE `house` SET `showCount`=? WHERE `id` = ?
2021-11-17 09:13:00,807 INFO 10856 [egg-sequelize](3ms) Executed (default): SELECT `id`, `username`, `password`, `avatar`, `phone`, `sign`, `createTime`, `updateTime` FROM `user` AS `user` WHERE `user`.`username` = 'admin' LIMIT 1;
2021-11-17 09:13:00,813 INFO 10856 [egg-sequelize](3ms) Executed (default): SELECT `id`, `order_number`, `userId`, `houseId`, `isPayed`, `createTime`, `updateTime` FROM `orders` AS `orders` WHERE `orders`.`userId` = 'admin' AND `orders`.`houseId` = '2' LIMIT 1;
2021-11-17 09:13:11,999 INFO 10856 [egg-sequelize](3ms) Executed (default): SELECT `id`, `username`, `password`, `avatar`, `phone`, `sign`, `createTime`, `updateTime` FROM `user` AS `user` WHERE `user`.`username` = 'admin' LIMIT 1;
2021-11-17 09:13:12,016 INFO 10856 [egg-sequelize](3ms) Executed (default): INSERT INTO `orders` (`id`,`userId`,`houseId`,`isPayed`,`createTime`) VALUES (DEFAULT,?,?,?,?);
2021-11-17 09:13:12,021 ERROR 10856 [admin/127.0.0.1/-/33ms POST /api/orders/addOrder] nodejs.SequelizeDatabaseError: Incorrect integer value: 'admin' for column 'userId' at row 1
    at Query.formatError (D:\studydemo\react-hooks-egg-server\node_modules\_sequelize@6.9.0@sequelize\lib\dialects\mysql\query.js:265:16)
    at Query.run (D:\studydemo\react-hooks-egg-server\node_modules\_sequelize@6.9.0@sequelize\lib\dialects\mysql\query.js:77:18)
    at processTicksAndRejections (internal/process/task_queues.js:94:5)
name: "SequelizeDatabaseError"
parent: {"code":"ER_TRUNCATED_WRONG_VALUE_FOR_FIELD","errno":1366,"sqlState":"HY000","sqlMessage":"Incorrect integer value: 'admin' for column 'userId' at row 1","sql":"INSERT INTO `orders` (`id`,`userId`,`houseId`,`isPayed`,`createTime`) VALUES (DEFAULT,?,?,?,?);","parameters":["admin","2",0,"2021-11-17 01:13:12"]}
original: {"code":"ER_TRUNCATED_WRONG_VALUE_FOR_FIELD","errno":1366,"sqlState":"HY000","sqlMessage":"Incorrect integer value: 'admin' for column 'userId' at row 1","sql":"INSERT INTO `orders` (`id`,`userId`,`houseId`,`isPayed`,`createTime`) VALUES (DEFAULT,?,?,?,?);","parameters":["admin","2",0,"2021-11-17 01:13:12"]}
sql: "INSERT INTO `orders` (`id`,`userId`,`houseId`,`isPayed`,`createTime`) VALUES (DEFAULT,?,?,?,?);"
parameters: ["admin","2",0,"2021-11-17 01:13:12"]
pid: 10856
hostname: PC-20190909VBLF

2021-11-17 09:14:13,510 INFO 16060 [egg-sequelize](1ms) Executed (default): SELECT 1+1 AS result
2021-11-17 09:14:15,669 INFO 16060 [egg-sequelize](2ms) Executed (default): SELECT `id`, `username`, `password`, `avatar`, `phone`, `sign`, `createTime`, `updateTime` FROM `user` AS `user` WHERE `user`.`username` = 'admin' LIMIT 1;
2021-11-17 09:14:15,678 INFO 16060 [egg-sequelize](7ms) Executed (default): SELECT `house`.`id`, `house`.`name`, `house`.`info`, `house`.`addres`, `house`.`price`, `house`.`cityCode`, `house`.`showCount`, `house`.`publishTime`, `house`.`startTime`, `house`.`endTime`, `imgs`.`id` AS `imgs.id`, `imgs`.`url` AS `imgs.url` FROM `house` AS `house` LEFT OUTER JOIN `imgs` AS `imgs` ON `house`.`id` = `imgs`.`houseId` WHERE `house`.`id` = '2';
2021-11-17 09:14:15,687 INFO 16060 [egg-sequelize](6ms) Executed (default): SELECT `comment`.`id`, `comment`.`userId`, `comment`.`houseId`, `comment`.`msg`, `comment`.`createTime`, `user`.`id` AS `user.id`, `user`.`avatar` AS `user.avatar`, `user`.`username` AS `user.username` FROM `comment` AS `comment` LEFT OUTER JOIN `user` AS `user` ON `comment`.`userId` = `user`.`id` WHERE `comment`.`houseId` = '2' AND `comment`.`userId` = 1 LIMIT 0, 8;
2021-11-17 09:14:15,708 INFO 16060 [egg-sequelize](20ms) Executed (default): UPDATE `house` SET `showCount`=? WHERE `id` = ?
2021-11-17 09:14:15,761 INFO 16060 [egg-sequelize](2ms) Executed (default): SELECT `id`, `username`, `password`, `avatar`, `phone`, `sign`, `createTime`, `updateTime` FROM `user` AS `user` WHERE `user`.`username` = 'admin' LIMIT 1;
2021-11-17 09:14:15,766 ERROR 16060 [-/127.0.0.1/-/10ms POST /api/orders/hasOrder] nodejs.Error: WHERE parameter "userId" has invalid "undefined" value
    at MySQLQueryGenerator.whereItemQuery (D:\studydemo\react-hooks-egg-server\node_modules\_sequelize@6.9.0@sequelize\lib\dialects\abstract\query-generator.js:2270:13)
    at D:\studydemo\react-hooks-egg-server\node_modules\_sequelize@6.9.0@sequelize\lib\dialects\abstract\query-generator.js:2259:25
    at Array.forEach (<anonymous>)
    at MySQLQueryGenerator.whereItemsQuery (D:\studydemo\react-hooks-egg-server\node_modules\_sequelize@6.9.0@sequelize\lib\dialects\abstract\query-generator.js:2257:35)
    at MySQLQueryGenerator.getWhereConditions (D:\studydemo\react-hooks-egg-server\node_modules\_sequelize@6.9.0@sequelize\lib\dialects\abstract\query-generator.js:2675:19)
    at MySQLQueryGenerator.selectQuery (D:\studydemo\react-hooks-egg-server\node_modules\_sequelize@6.9.0@sequelize\lib\dialects\abstract\query-generator.js:1326:28)
    at MySQLQueryInterface.select (D:\studydemo\react-hooks-egg-server\node_modules\_sequelize@6.9.0@sequelize\lib\dialects\abstract\query-interface.js:954:27)
    at Function.findAll (D:\studydemo\react-hooks-egg-server\node_modules\_sequelize@6.9.0@sequelize\lib\model.js:1752:47)
    at processTicksAndRejections (internal/process/task_queues.js:94:5)
    at async Function.findOne (D:\studydemo\react-hooks-egg-server\node_modules\_sequelize@6.9.0@sequelize\lib\model.js:1916:12)

pid: 16060
hostname: PC-20190909VBLF

2021-11-17 09:14:20,143 INFO 16060 [egg-sequelize](5ms) Executed (default): SELECT `id`, `username`, `password`, `avatar`, `phone`, `sign`, `createTime`, `updateTime` FROM `user` AS `user` WHERE `user`.`username` = 'admin' LIMIT 1;
2021-11-17 09:14:20,148 INFO 16060 [egg-sequelize](7ms) Executed (default): SELECT `id`, `username`, `password`, `avatar`, `phone`, `sign`, `createTime`, `updateTime` FROM `user` AS `user` WHERE `user`.`username` = 'admin' LIMIT 1;
2021-11-17 09:14:20,158 ERROR 16060 [-/127.0.0.1/-/32ms POST /api/orders/hasOrder] nodejs.Error: WHERE parameter "userId" has invalid "undefined" value
    at MySQLQueryGenerator.whereItemQuery (D:\studydemo\react-hooks-egg-server\node_modules\_sequelize@6.9.0@sequelize\lib\dialects\abstract\query-generator.js:2270:13)
    at D:\studydemo\react-hooks-egg-server\node_modules\_sequelize@6.9.0@sequelize\lib\dialects\abstract\query-generator.js:2259:25
    at Array.forEach (<anonymous>)
    at MySQLQueryGenerator.whereItemsQuery (D:\studydemo\react-hooks-egg-server\node_modules\_sequelize@6.9.0@sequelize\lib\dialects\abstract\query-generator.js:2257:35)
    at MySQLQueryGenerator.getWhereConditions (D:\studydemo\react-hooks-egg-server\node_modules\_sequelize@6.9.0@sequelize\lib\dialects\abstract\query-generator.js:2675:19)
    at MySQLQueryGenerator.selectQuery (D:\studydemo\react-hooks-egg-server\node_modules\_sequelize@6.9.0@sequelize\lib\dialects\abstract\query-generator.js:1326:28)
    at MySQLQueryInterface.select (D:\studydemo\react-hooks-egg-server\node_modules\_sequelize@6.9.0@sequelize\lib\dialects\abstract\query-interface.js:954:27)
    at Function.findAll (D:\studydemo\react-hooks-egg-server\node_modules\_sequelize@6.9.0@sequelize\lib\model.js:1752:47)
    at processTicksAndRejections (internal/process/task_queues.js:94:5)
    at async Function.findOne (D:\studydemo\react-hooks-egg-server\node_modules\_sequelize@6.9.0@sequelize\lib\model.js:1916:12)

pid: 16060
hostname: PC-20190909VBLF

2021-11-17 09:14:20,181 INFO 16060 [egg-sequelize](35ms) Executed (default): SELECT `comment`.`id`, `comment`.`userId`, `comment`.`houseId`, `comment`.`msg`, `comment`.`createTime`, `user`.`id` AS `user.id`, `user`.`avatar` AS `user.avatar`, `user`.`username` AS `user.username` FROM `comment` AS `comment` LEFT OUTER JOIN `user` AS `user` ON `comment`.`userId` = `user`.`id` WHERE `comment`.`houseId` = '2' AND `comment`.`userId` = 1 LIMIT 0, 8;
2021-11-17 09:14:25,804 INFO 16060 [egg-sequelize](9ms) Executed (default): SELECT `house`.`id`, `house`.`name`, `house`.`info`, `house`.`addres`, `house`.`price`, `house`.`cityCode`, `house`.`showCount` FROM `house` AS `house` ORDER BY `house`.`showCount` DESC LIMIT 4;
2021-11-17 09:14:25,821 INFO 16060 [egg-sequelize](3ms) Executed (default): SELECT `imgs`.* FROM (SELECT * FROM (SELECT `id`, `url`, `houseId` FROM `imgs` AS `imgs` WHERE `imgs`.`houseId` = 2 LIMIT 1) AS sub UNION ALL SELECT * FROM (SELECT `id`, `url`, `houseId` FROM `imgs` AS `imgs` WHERE `imgs`.`houseId` = 1 LIMIT 1) AS sub UNION ALL SELECT * FROM (SELECT `id`, `url`, `houseId` FROM `imgs` AS `imgs` WHERE `imgs`.`houseId` = 3 LIMIT 1) AS sub UNION ALL SELECT * FROM (SELECT `id`, `url`, `houseId` FROM `imgs` AS `imgs` WHERE `imgs`.`houseId` = 4 LIMIT 1) AS sub) AS `imgs`;
2021-11-17 09:14:28,296 INFO 16060 [egg-sequelize](11ms) Executed (default): SELECT `house`.`id`, `house`.`name`, `house`.`info`, `house`.`addres`, `house`.`price`, `house`.`cityCode`, `house`.`showCount` FROM `house` AS `house` ORDER BY `house`.`showCount` DESC LIMIT 4;
2021-11-17 09:14:28,309 INFO 16060 [egg-sequelize](2ms) Executed (default): SELECT `imgs`.* FROM (SELECT * FROM (SELECT `id`, `url`, `houseId` FROM `imgs` AS `imgs` WHERE `imgs`.`houseId` = 2 LIMIT 1) AS sub UNION ALL SELECT * FROM (SELECT `id`, `url`, `houseId` FROM `imgs` AS `imgs` WHERE `imgs`.`houseId` = 1 LIMIT 1) AS sub UNION ALL SELECT * FROM (SELECT `id`, `url`, `houseId` FROM `imgs` AS `imgs` WHERE `imgs`.`houseId` = 3 LIMIT 1) AS sub UNION ALL SELECT * FROM (SELECT `id`, `url`, `houseId` FROM `imgs` AS `imgs` WHERE `imgs`.`houseId` = 4 LIMIT 1) AS sub) AS `imgs`;
2021-11-17 09:15:05,206 INFO 16060 [egg-sequelize](3ms) Executed (default): SELECT `id`, `username`, `password`, `avatar`, `phone`, `sign`, `createTime`, `updateTime` FROM `user` AS `user` WHERE `user`.`username` = 'admin' LIMIT 1;
2021-11-17 09:15:05,213 ERROR 16060 [-/127.0.0.1/-/20ms POST /api/orders/hasOrder] nodejs.Error: WHERE parameter "userId" has invalid "undefined" value
    at MySQLQueryGenerator.whereItemQuery (D:\studydemo\react-hooks-egg-server\node_modules\_sequelize@6.9.0@sequelize\lib\dialects\abstract\query-generator.js:2270:13)
    at D:\studydemo\react-hooks-egg-server\node_modules\_sequelize@6.9.0@sequelize\lib\dialects\abstract\query-generator.js:2259:25
    at Array.forEach (<anonymous>)
    at MySQLQueryGenerator.whereItemsQuery (D:\studydemo\react-hooks-egg-server\node_modules\_sequelize@6.9.0@sequelize\lib\dialects\abstract\query-generator.js:2257:35)
    at MySQLQueryGenerator.getWhereConditions (D:\studydemo\react-hooks-egg-server\node_modules\_sequelize@6.9.0@sequelize\lib\dialects\abstract\query-generator.js:2675:19)
    at MySQLQueryGenerator.selectQuery (D:\studydemo\react-hooks-egg-server\node_modules\_sequelize@6.9.0@sequelize\lib\dialects\abstract\query-generator.js:1326:28)
    at MySQLQueryInterface.select (D:\studydemo\react-hooks-egg-server\node_modules\_sequelize@6.9.0@sequelize\lib\dialects\abstract\query-interface.js:954:27)
    at Function.findAll (D:\studydemo\react-hooks-egg-server\node_modules\_sequelize@6.9.0@sequelize\lib\model.js:1752:47)
    at processTicksAndRejections (internal/process/task_queues.js:94:5)
    at async Function.findOne (D:\studydemo\react-hooks-egg-server\node_modules\_sequelize@6.9.0@sequelize\lib\model.js:1916:12)

pid: 16060
hostname: PC-20190909VBLF

2021-11-17 09:15:05,229 INFO 16060 [egg-sequelize](27ms) Executed (default): SELECT `id`, `username`, `password`, `avatar`, `phone`, `sign`, `createTime`, `updateTime` FROM `user` AS `user` WHERE `user`.`username` = 'admin' LIMIT 1;
2021-11-17 09:15:05,233 INFO 16060 [egg-sequelize](1ms) Executed (default): SELECT `comment`.`id`, `comment`.`userId`, `comment`.`houseId`, `comment`.`msg`, `comment`.`createTime`, `user`.`id` AS `user.id`, `user`.`avatar` AS `user.avatar`, `user`.`username` AS `user.username` FROM `comment` AS `comment` LEFT OUTER JOIN `user` AS `user` ON `comment`.`userId` = `user`.`id` WHERE `comment`.`houseId` = 2 AND `comment`.`userId` = 1 LIMIT 0, 8;
2021-11-17 09:16:21,910 INFO 5704 [egg-sequelize](0ms) Executed (default): SELECT 1+1 AS result
2021-11-17 09:16:26,254 INFO 5704 [egg-sequelize](4ms) Executed (default): SELECT `house`.`id`, `house`.`name`, `house`.`info`, `house`.`addres`, `house`.`price`, `house`.`cityCode`, `house`.`showCount`, `house`.`publishTime`, `house`.`startTime`, `house`.`endTime`, `imgs`.`id` AS `imgs.id`, `imgs`.`url` AS `imgs.url` FROM `house` AS `house` LEFT OUTER JOIN `imgs` AS `imgs` ON `house`.`id` = `imgs`.`houseId` WHERE `house`.`id` = '2';
2021-11-17 09:16:26,265 INFO 5704 [egg-sequelize](8ms) Executed (default): SELECT `id`, `username`, `password`, `avatar`, `phone`, `sign`, `createTime`, `updateTime` FROM `user` AS `user` WHERE `user`.`username` = 'admin' LIMIT 1;
2021-11-17 09:16:26,276 INFO 5704 [egg-sequelize](3ms) Executed (default): SELECT `comment`.`id`, `comment`.`userId`, `comment`.`houseId`, `comment`.`msg`, `comment`.`createTime`, `user`.`id` AS `user.id`, `user`.`avatar` AS `user.avatar`, `user`.`username` AS `user.username` FROM `comment` AS `comment` LEFT OUTER JOIN `user` AS `user` ON `comment`.`userId` = `user`.`id` WHERE `comment`.`houseId` = '2' AND `comment`.`userId` = 1 LIMIT 0, 8;
2021-11-17 09:16:26,284 INFO 5704 [egg-sequelize](18ms) Executed (default): UPDATE `house` SET `showCount`=? WHERE `id` = ?
2021-11-17 09:16:26,387 INFO 5704 [egg-sequelize](2ms) Executed (default): SELECT `id`, `username`, `password`, `avatar`, `phone`, `sign`, `createTime`, `updateTime` FROM `user` AS `user` WHERE `user`.`username` = 'admin' LIMIT 1;
2021-11-17 09:16:26,392 INFO 5704 [egg-sequelize](2ms) Executed (default): SELECT `id`, `order_number`, `userId`, `houseId`, `isPayed`, `createTime`, `updateTime` FROM `orders` AS `orders` WHERE `orders`.`userId` = 1 AND `orders`.`houseId` = '2' LIMIT 1;
2021-11-17 09:16:30,520 INFO 5704 [egg-sequelize](2ms) Executed (default): SELECT `id`, `username`, `password`, `avatar`, `phone`, `sign`, `createTime`, `updateTime` FROM `user` AS `user` WHERE `user`.`username` = 'admin' LIMIT 1;
2021-11-17 09:16:30,812 INFO 5704 [egg-sequelize](284ms) Executed (default): INSERT INTO `orders` (`id`,`userId`,`houseId`,`isPayed`,`createTime`) VALUES (DEFAULT,?,?,?,?);
2021-11-17 09:17:49,186 INFO 5704 [egg-sequelize](1ms) Executed (default): SELECT `house`.`id`, `house`.`name`, `house`.`info`, `house`.`addres`, `house`.`price`, `house`.`cityCode`, `house`.`showCount`, `house`.`publishTime`, `house`.`startTime`, `house`.`endTime`, `imgs`.`id` AS `imgs.id`, `imgs`.`url` AS `imgs.url` FROM `house` AS `house` LEFT OUTER JOIN `imgs` AS `imgs` ON `house`.`id` = `imgs`.`houseId` WHERE `house`.`id` = '2';
2021-11-17 09:17:49,204 INFO 5704 [egg-sequelize](2ms) Executed (default): SELECT `id`, `username`, `password`, `avatar`, `phone`, `sign`, `createTime`, `updateTime` FROM `user` AS `user` WHERE `user`.`username` = 'admin' LIMIT 1;
2021-11-17 09:17:49,207 INFO 5704 [egg-sequelize](16ms) Executed (default): UPDATE `house` SET `showCount`=? WHERE `id` = ?
2021-11-17 09:17:49,211 INFO 5704 [egg-sequelize](5ms) Executed (default): SELECT `comment`.`id`, `comment`.`userId`, `comment`.`houseId`, `comment`.`msg`, `comment`.`createTime`, `user`.`id` AS `user.id`, `user`.`avatar` AS `user.avatar`, `user`.`username` AS `user.username` FROM `comment` AS `comment` LEFT OUTER JOIN `user` AS `user` ON `comment`.`userId` = `user`.`id` WHERE `comment`.`houseId` = '2' AND `comment`.`userId` = 1 LIMIT 0, 8;
2021-11-17 09:17:49,343 INFO 5704 [egg-sequelize](2ms) Executed (default): SELECT `id`, `username`, `password`, `avatar`, `phone`, `sign`, `createTime`, `updateTime` FROM `user` AS `user` WHERE `user`.`username` = 'admin' LIMIT 1;
2021-11-17 09:17:49,348 INFO 5704 [egg-sequelize](2ms) Executed (default): SELECT `id`, `order_number`, `userId`, `houseId`, `isPayed`, `createTime`, `updateTime` FROM `orders` AS `orders` WHERE `orders`.`userId` = 1 AND `orders`.`houseId` = '2' LIMIT 1;
2021-11-17 09:18:23,477 INFO 5704 [egg-sequelize](2ms) Executed (default): SELECT `house`.`id`, `house`.`name`, `house`.`info`, `house`.`addres`, `house`.`price`, `house`.`cityCode`, `house`.`showCount`, `house`.`publishTime`, `house`.`startTime`, `house`.`endTime`, `imgs`.`id` AS `imgs.id`, `imgs`.`url` AS `imgs.url` FROM `house` AS `house` LEFT OUTER JOIN `imgs` AS `imgs` ON `house`.`id` = `imgs`.`houseId` WHERE `house`.`id` = '2';
2021-11-17 09:18:23,498 INFO 5704 [egg-sequelize](1ms) Executed (default): SELECT `id`, `username`, `password`, `avatar`, `phone`, `sign`, `createTime`, `updateTime` FROM `user` AS `user` WHERE `user`.`username` = 'admin' LIMIT 1;
2021-11-17 09:18:23,503 INFO 5704 [egg-sequelize](2ms) Executed (default): SELECT `comment`.`id`, `comment`.`userId`, `comment`.`houseId`, `comment`.`msg`, `comment`.`createTime`, `user`.`id` AS `user.id`, `user`.`avatar` AS `user.avatar`, `user`.`username` AS `user.username` FROM `comment` AS `comment` LEFT OUTER JOIN `user` AS `user` ON `comment`.`userId` = `user`.`id` WHERE `comment`.`houseId` = '2' AND `comment`.`userId` = 1 LIMIT 0, 8;
2021-11-17 09:18:23,611 INFO 5704 [egg-sequelize](129ms) Executed (default): UPDATE `house` SET `showCount`=? WHERE `id` = ?
2021-11-17 09:18:23,767 INFO 5704 [egg-sequelize](2ms) Executed (default): SELECT `id`, `username`, `password`, `avatar`, `phone`, `sign`, `createTime`, `updateTime` FROM `user` AS `user` WHERE `user`.`username` = 'admin' LIMIT 1;
2021-11-17 09:18:23,770 INFO 5704 [egg-sequelize](1ms) Executed (default): SELECT `id`, `order_number`, `userId`, `houseId`, `isPayed`, `createTime`, `updateTime` FROM `orders` AS `orders` WHERE `orders`.`userId` = 1 AND `orders`.`houseId` = '2' LIMIT 1;
2021-11-17 09:18:49,607 INFO 5704 [egg-sequelize](2ms) Executed (default): SELECT `id`, `username`, `password`, `avatar`, `phone`, `sign`, `createTime`, `updateTime` FROM `user` AS `user` WHERE `user`.`username` = 'admin' LIMIT 1;
2021-11-17 09:18:49,617 INFO 5704 [egg-sequelize](8ms) Executed (default): DELETE FROM `orders` WHERE `houseId` = '2'
2021-11-17 09:18:55,624 INFO 5704 [egg-sequelize](2ms) Executed (default): SELECT `house`.`id`, `house`.`name`, `house`.`info`, `house`.`addres`, `house`.`price`, `house`.`cityCode`, `house`.`showCount` FROM `house` AS `house` ORDER BY `house`.`showCount` DESC LIMIT 4;
2021-11-17 09:18:55,630 INFO 5704 [egg-sequelize](2ms) Executed (default): SELECT `imgs`.* FROM (SELECT * FROM (SELECT `id`, `url`, `houseId` FROM `imgs` AS `imgs` WHERE `imgs`.`houseId` = 2 LIMIT 1) AS sub UNION ALL SELECT * FROM (SELECT `id`, `url`, `houseId` FROM `imgs` AS `imgs` WHERE `imgs`.`houseId` = 1 LIMIT 1) AS sub UNION ALL SELECT * FROM (SELECT `id`, `url`, `houseId` FROM `imgs` AS `imgs` WHERE `imgs`.`houseId` = 3 LIMIT 1) AS sub UNION ALL SELECT * FROM (SELECT `id`, `url`, `houseId` FROM `imgs` AS `imgs` WHERE `imgs`.`houseId` = 4 LIMIT 1) AS sub) AS `imgs`;
2021-11-17 09:18:57,081 INFO 5704 [egg-sequelize](5ms) Executed (default): SELECT `house`.`id`, `house`.`name`, `house`.`info`, `house`.`addres`, `house`.`price`, `house`.`cityCode`, `house`.`showCount`, `house`.`publishTime`, `house`.`startTime`, `house`.`endTime`, `imgs`.`id` AS `imgs.id`, `imgs`.`url` AS `imgs.url` FROM `house` AS `house` LEFT OUTER JOIN `imgs` AS `imgs` ON `house`.`id` = `imgs`.`houseId` WHERE `house`.`id` = 1;
2021-11-17 09:18:57,099 INFO 5704 [egg-sequelize](12ms) Executed (default): UPDATE `house` SET `showCount`=? WHERE `id` = ?
2021-11-17 09:18:57,103 INFO 5704 [egg-sequelize](3ms) Executed (default): SELECT `id`, `username`, `password`, `avatar`, `phone`, `sign`, `createTime`, `updateTime` FROM `user` AS `user` WHERE `user`.`username` = 'admin' LIMIT 1;
2021-11-17 09:18:57,106 INFO 5704 [egg-sequelize](8ms) Executed (default): SELECT `id`, `username`, `password`, `avatar`, `phone`, `sign`, `createTime`, `updateTime` FROM `user` AS `user` WHERE `user`.`username` = 'admin' LIMIT 1;
2021-11-17 09:18:57,110 INFO 5704 [egg-sequelize](5ms) Executed (default): SELECT `id`, `order_number`, `userId`, `houseId`, `isPayed`, `createTime`, `updateTime` FROM `orders` AS `orders` WHERE `orders`.`userId` = 1 AND `orders`.`houseId` = 1 LIMIT 1;
2021-11-17 09:18:57,119 INFO 5704 [egg-sequelize](10ms) Executed (default): SELECT `comment`.`id`, `comment`.`userId`, `comment`.`houseId`, `comment`.`msg`, `comment`.`createTime`, `user`.`id` AS `user.id`, `user`.`avatar` AS `user.avatar`, `user`.`username` AS `user.username` FROM `comment` AS `comment` LEFT OUTER JOIN `user` AS `user` ON `comment`.`userId` = `user`.`id` WHERE `comment`.`houseId` = 1 AND `comment`.`userId` = 1 LIMIT 0, 8;
2021-11-17 09:19:10,362 INFO 5704 [egg-sequelize](1ms) Executed (default): SELECT `id`, `username`, `password`, `avatar`, `phone`, `sign`, `createTime`, `updateTime` FROM `user` AS `user` WHERE `user`.`username` = 'admin' LIMIT 1;
2021-11-17 09:19:10,366 INFO 5704 [egg-sequelize](1ms) Executed (default): SELECT `comment`.`id`, `comment`.`userId`, `comment`.`houseId`, `comment`.`msg`, `comment`.`createTime`, `user`.`id` AS `user.id`, `user`.`avatar` AS `user.avatar`, `user`.`username` AS `user.username` FROM `comment` AS `comment` LEFT OUTER JOIN `user` AS `user` ON `comment`.`userId` = `user`.`id` WHERE `comment`.`houseId` = 1 AND `comment`.`userId` = 1 LIMIT 16, 8;
2021-11-17 09:19:13,305 INFO 5704 [egg-sequelize](1ms) Executed (default): SELECT `house`.`id`, `house`.`name`, `house`.`info`, `house`.`addres`, `house`.`price`, `house`.`cityCode`, `house`.`showCount` FROM `house` AS `house` ORDER BY `house`.`showCount` DESC LIMIT 4;
2021-11-17 09:19:13,308 INFO 5704 [egg-sequelize](1ms) Executed (default): SELECT `imgs`.* FROM (SELECT * FROM (SELECT `id`, `url`, `houseId` FROM `imgs` AS `imgs` WHERE `imgs`.`houseId` = 2 LIMIT 1) AS sub UNION ALL SELECT * FROM (SELECT `id`, `url`, `houseId` FROM `imgs` AS `imgs` WHERE `imgs`.`houseId` = 1 LIMIT 1) AS sub UNION ALL SELECT * FROM (SELECT `id`, `url`, `houseId` FROM `imgs` AS `imgs` WHERE `imgs`.`houseId` = 3 LIMIT 1) AS sub UNION ALL SELECT * FROM (SELECT `id`, `url`, `houseId` FROM `imgs` AS `imgs` WHERE `imgs`.`houseId` = 4 LIMIT 1) AS sub) AS `imgs`;
2021-11-17 09:19:14,439 INFO 5704 [egg-sequelize](6ms) Executed (default): SELECT `house`.`id`, `house`.`name`, `house`.`info`, `house`.`addres`, `house`.`price`, `house`.`cityCode`, `house`.`showCount`, `house`.`publishTime`, `house`.`startTime`, `house`.`endTime`, `imgs`.`id` AS `imgs.id`, `imgs`.`url` AS `imgs.url` FROM `house` AS `house` LEFT OUTER JOIN `imgs` AS `imgs` ON `house`.`id` = `imgs`.`houseId` WHERE `house`.`id` = 2;
2021-11-17 09:19:14,446 INFO 5704 [egg-sequelize](5ms) Executed (default): SELECT `id`, `username`, `password`, `avatar`, `phone`, `sign`, `createTime`, `updateTime` FROM `user` AS `user` WHERE `user`.`username` = 'admin' LIMIT 1;
2021-11-17 09:19:14,461 INFO 5704 [egg-sequelize](2ms) Executed (default): SELECT `comment`.`id`, `comment`.`userId`, `comment`.`houseId`, `comment`.`msg`, `comment`.`createTime`, `user`.`id` AS `user.id`, `user`.`avatar` AS `user.avatar`, `user`.`username` AS `user.username` FROM `comment` AS `comment` LEFT OUTER JOIN `user` AS `user` ON `comment`.`userId` = `user`.`id` WHERE `comment`.`houseId` = 2 AND `comment`.`userId` = 1 LIMIT 0, 8;
2021-11-17 09:19:14,469 INFO 5704 [egg-sequelize](20ms) Executed (default): UPDATE `house` SET `showCount`=? WHERE `id` = ?
2021-11-17 09:19:14,473 INFO 5704 [egg-sequelize](5ms) Executed (default): SELECT `id`, `username`, `password`, `avatar`, `phone`, `sign`, `createTime`, `updateTime` FROM `user` AS `user` WHERE `user`.`username` = 'admin' LIMIT 1;
2021-11-17 09:19:14,475 INFO 5704 [egg-sequelize](1ms) Executed (default): SELECT `id`, `order_number`, `userId`, `houseId`, `isPayed`, `createTime`, `updateTime` FROM `orders` AS `orders` WHERE `orders`.`userId` = 1 AND `orders`.`houseId` = 2 LIMIT 1;
2021-11-17 09:19:20,598 INFO 5704 [egg-sequelize](2ms) Executed (default): SELECT `id`, `username`, `password`, `avatar`, `phone`, `sign`, `createTime`, `updateTime` FROM `user` AS `user` WHERE `user`.`username` = 'admin' LIMIT 1;
2021-11-17 09:19:20,616 INFO 5704 [egg-sequelize](8ms) Executed (default): INSERT INTO `orders` (`id`,`userId`,`houseId`,`isPayed`,`createTime`) VALUES (DEFAULT,?,?,?,?);
2021-11-17 09:19:24,593 INFO 5704 [egg-sequelize](1ms) Executed (default): SELECT `house`.`id`, `house`.`name`, `house`.`info`, `house`.`addres`, `house`.`price`, `house`.`cityCode`, `house`.`showCount` FROM `house` AS `house` ORDER BY `house`.`showCount` DESC LIMIT 4;
2021-11-17 09:19:24,596 INFO 5704 [egg-sequelize](1ms) Executed (default): SELECT `imgs`.* FROM (SELECT * FROM (SELECT `id`, `url`, `houseId` FROM `imgs` AS `imgs` WHERE `imgs`.`houseId` = 2 LIMIT 1) AS sub UNION ALL SELECT * FROM (SELECT `id`, `url`, `houseId` FROM `imgs` AS `imgs` WHERE `imgs`.`houseId` = 1 LIMIT 1) AS sub UNION ALL SELECT * FROM (SELECT `id`, `url`, `houseId` FROM `imgs` AS `imgs` WHERE `imgs`.`houseId` = 3 LIMIT 1) AS sub UNION ALL SELECT * FROM (SELECT `id`, `url`, `houseId` FROM `imgs` AS `imgs` WHERE `imgs`.`houseId` = 4 LIMIT 1) AS sub) AS `imgs`;
2021-11-17 09:19:25,923 INFO 5704 [egg-sequelize](1ms) Executed (default): SELECT `id`, `username`, `password`, `avatar`, `phone`, `sign`, `createTime`, `updateTime` FROM `user` AS `user` WHERE `user`.`username` = 'admin' LIMIT 1;
2021-11-17 09:19:25,930 INFO 5704 [egg-sequelize](3ms) Executed (default): SELECT `orders`.`id`, `orders`.`order_number`, `orders`.`userId`, `orders`.`houseId`, `orders`.`isPayed`, `orders`.`createTime`, `orders`.`updateTime`, `house`.`id` AS `house.id`, `house`.`name` AS `house.name`, `house`.`info` AS `house.info`, `house`.`addres` AS `house.addres`, `house`.`price` AS `house.price`, `house`.`cityCode` AS `house.cityCode`, `house`.`showCount` AS `house.showCount`, `house`.`publishTime` AS `house.publishTime`, `house`.`startTime` AS `house.startTime`, `house`.`endTime` AS `house.endTime` FROM `orders` AS `orders` LEFT OUTER JOIN `house` AS `house` ON `orders`.`houseId` = `house`.`id` WHERE `orders`.`isPayed` = 0 AND `orders`.`userId` = 1 LIMIT 0, 8;
2021-11-17 09:19:25,934 INFO 5704 [egg-sequelize](1ms) Executed (default): SELECT `id`, `url`, `houseId` FROM `imgs` AS `imgs` WHERE `imgs`.`houseId` IN (2) LIMIT 1;
2021-11-17 09:19:26,180 INFO 5704 [egg-sequelize](2ms) Executed (default): SELECT `id`, `username`, `password`, `avatar`, `phone`, `sign`, `createTime`, `updateTime` FROM `user` AS `user` WHERE `user`.`username` = 'admin' LIMIT 1;
2021-11-17 09:19:26,190 INFO 5704 [egg-sequelize](4ms) Executed (default): SELECT `orders`.`id`, `orders`.`order_number`, `orders`.`userId`, `orders`.`houseId`, `orders`.`isPayed`, `orders`.`createTime`, `orders`.`updateTime`, `house`.`id` AS `house.id`, `house`.`name` AS `house.name`, `house`.`info` AS `house.info`, `house`.`addres` AS `house.addres`, `house`.`price` AS `house.price`, `house`.`cityCode` AS `house.cityCode`, `house`.`showCount` AS `house.showCount`, `house`.`publishTime` AS `house.publishTime`, `house`.`startTime` AS `house.startTime`, `house`.`endTime` AS `house.endTime` FROM `orders` AS `orders` LEFT OUTER JOIN `house` AS `house` ON `orders`.`houseId` = `house`.`id` WHERE `orders`.`isPayed` = 0 AND `orders`.`userId` = 1 LIMIT 8, 8;
2021-11-17 09:20:08,229 INFO 7820 [egg-sequelize](1ms) Executed (default): SELECT 1+1 AS result
2021-11-17 09:20:16,403 INFO 5600 [egg-sequelize](1ms) Executed (default): SELECT 1+1 AS result
2021-11-17 09:20:19,168 INFO 5600 [egg-sequelize](5ms) Executed (default): SELECT `id`, `username`, `password`, `avatar`, `phone`, `sign`, `createTime`, `updateTime` FROM `user` AS `user` WHERE `user`.`username` = 'admin' LIMIT 1;
2021-11-17 09:20:19,184 INFO 5600 [egg-sequelize](5ms) Executed (default): SELECT `orders`.`id`, `orders`.`order_number`, `orders`.`userId`, `orders`.`houseId`, `orders`.`isPayed`, `orders`.`createTime`, `orders`.`updateTime`, `house`.`id` AS `house.id`, `house`.`name` AS `house.name`, `house`.`info` AS `house.info`, `house`.`addres` AS `house.addres`, `house`.`price` AS `house.price`, `house`.`cityCode` AS `house.cityCode`, `house`.`showCount` AS `house.showCount`, `house`.`publishTime` AS `house.publishTime`, `house`.`startTime` AS `house.startTime`, `house`.`endTime` AS `house.endTime` FROM `orders` AS `orders` LEFT OUTER JOIN `house` AS `house` ON `orders`.`houseId` = `house`.`id` WHERE `orders`.`isPayed` = 0 AND `orders`.`userId` = 1 LIMIT 0, 8;
2021-11-17 09:20:19,199 INFO 5600 [egg-sequelize](2ms) Executed (default): SELECT `id`, `url`, `houseId` FROM `imgs` AS `imgs` WHERE `imgs`.`houseId` IN (2) LIMIT 1;
2021-11-17 09:20:19,442 INFO 5600 [egg-sequelize](1ms) Executed (default): SELECT `id`, `username`, `password`, `avatar`, `phone`, `sign`, `createTime`, `updateTime` FROM `user` AS `user` WHERE `user`.`username` = 'admin' LIMIT 1;
2021-11-17 09:20:19,449 INFO 5600 [egg-sequelize](3ms) Executed (default): SELECT `orders`.`id`, `orders`.`order_number`, `orders`.`userId`, `orders`.`houseId`, `orders`.`isPayed`, `orders`.`createTime`, `orders`.`updateTime`, `house`.`id` AS `house.id`, `house`.`name` AS `house.name`, `house`.`info` AS `house.info`, `house`.`addres` AS `house.addres`, `house`.`price` AS `house.price`, `house`.`cityCode` AS `house.cityCode`, `house`.`showCount` AS `house.showCount`, `house`.`publishTime` AS `house.publishTime`, `house`.`startTime` AS `house.startTime`, `house`.`endTime` AS `house.endTime` FROM `orders` AS `orders` LEFT OUTER JOIN `house` AS `house` ON `orders`.`houseId` = `house`.`id` WHERE `orders`.`isPayed` = 0 AND `orders`.`userId` = 1 LIMIT 8, 8;
2021-11-17 09:20:22,511 INFO 5600 [egg-sequelize](1ms) Executed (default): SELECT `id`, `username`, `password`, `avatar`, `phone`, `sign`, `createTime`, `updateTime` FROM `user` AS `user` WHERE `user`.`username` = 'admin' LIMIT 1;
2021-11-17 09:20:22,516 INFO 5600 [egg-sequelize](3ms) Executed (default): SELECT `id`, `order_number`, `userId`, `houseId`, `isPayed`, `createTime`, `updateTime` FROM `orders` AS `orders` WHERE `orders`.`id` = 20;
2021-11-17 09:20:22,529 INFO 5600 [egg-sequelize](8ms) Executed (default): UPDATE `orders` SET `isPayed`=?,`order_number`=? WHERE `id` = ?
2021-11-17 09:20:23,656 INFO 5600 [egg-sequelize](1ms) Executed (default): SELECT `id`, `username`, `password`, `avatar`, `phone`, `sign`, `createTime`, `updateTime` FROM `user` AS `user` WHERE `user`.`username` = 'admin' LIMIT 1;
2021-11-17 09:20:23,665 INFO 5600 [egg-sequelize](3ms) Executed (default): SELECT `orders`.`id`, `orders`.`order_number`, `orders`.`userId`, `orders`.`houseId`, `orders`.`isPayed`, `orders`.`createTime`, `orders`.`updateTime`, `house`.`id` AS `house.id`, `house`.`name` AS `house.name`, `house`.`info` AS `house.info`, `house`.`addres` AS `house.addres`, `house`.`price` AS `house.price`, `house`.`cityCode` AS `house.cityCode`, `house`.`showCount` AS `house.showCount`, `house`.`publishTime` AS `house.publishTime`, `house`.`startTime` AS `house.startTime`, `house`.`endTime` AS `house.endTime` FROM `orders` AS `orders` LEFT OUTER JOIN `house` AS `house` ON `orders`.`houseId` = `house`.`id` WHERE `orders`.`isPayed` = 0 AND `orders`.`userId` = 1 LIMIT 0, 8;
2021-11-17 09:20:33,204 INFO 5600 [egg-sequelize](2ms) Executed (default): SELECT `id`, `username`, `password`, `avatar`, `phone`, `sign`, `createTime`, `updateTime` FROM `user` AS `user` WHERE `user`.`username` = 'admin' LIMIT 1;
2021-11-17 09:20:33,215 INFO 5600 [egg-sequelize](2ms) Executed (default): SELECT `orders`.`id`, `orders`.`order_number`, `orders`.`userId`, `orders`.`houseId`, `orders`.`isPayed`, `orders`.`createTime`, `orders`.`updateTime`, `house`.`id` AS `house.id`, `house`.`name` AS `house.name`, `house`.`info` AS `house.info`, `house`.`addres` AS `house.addres`, `house`.`price` AS `house.price`, `house`.`cityCode` AS `house.cityCode`, `house`.`showCount` AS `house.showCount`, `house`.`publishTime` AS `house.publishTime`, `house`.`startTime` AS `house.startTime`, `house`.`endTime` AS `house.endTime` FROM `orders` AS `orders` LEFT OUTER JOIN `house` AS `house` ON `orders`.`houseId` = `house`.`id` WHERE `orders`.`isPayed` = 1 AND `orders`.`userId` = 1 LIMIT 0, 8;
2021-11-17 09:20:33,223 INFO 5600 [egg-sequelize](2ms) Executed (default): SELECT `imgs`.* FROM (SELECT * FROM (SELECT `id`, `url`, `houseId` FROM `imgs` AS `imgs` WHERE `imgs`.`houseId` = 1 LIMIT 1) AS sub UNION ALL SELECT * FROM (SELECT `id`, `url`, `houseId` FROM `imgs` AS `imgs` WHERE `imgs`.`houseId` = 2 LIMIT 1) AS sub) AS `imgs`;
2021-11-17 09:20:33,454 INFO 5600 [egg-sequelize](2ms) Executed (default): SELECT `id`, `username`, `password`, `avatar`, `phone`, `sign`, `createTime`, `updateTime` FROM `user` AS `user` WHERE `user`.`username` = 'admin' LIMIT 1;
2021-11-17 09:20:33,468 INFO 5600 [egg-sequelize](2ms) Executed (default): SELECT `orders`.`id`, `orders`.`order_number`, `orders`.`userId`, `orders`.`houseId`, `orders`.`isPayed`, `orders`.`createTime`, `orders`.`updateTime`, `house`.`id` AS `house.id`, `house`.`name` AS `house.name`, `house`.`info` AS `house.info`, `house`.`addres` AS `house.addres`, `house`.`price` AS `house.price`, `house`.`cityCode` AS `house.cityCode`, `house`.`showCount` AS `house.showCount`, `house`.`publishTime` AS `house.publishTime`, `house`.`startTime` AS `house.startTime`, `house`.`endTime` AS `house.endTime` FROM `orders` AS `orders` LEFT OUTER JOIN `house` AS `house` ON `orders`.`houseId` = `house`.`id` WHERE `orders`.`isPayed` = 1 AND `orders`.`userId` = 1 LIMIT 8, 8;
2021-11-17 09:20:38,912 INFO 5600 [egg-sequelize](4ms) Executed (default): SELECT `house`.`id`, `house`.`name`, `house`.`info`, `house`.`addres`, `house`.`price`, `house`.`cityCode`, `house`.`showCount` FROM `house` AS `house` ORDER BY `house`.`showCount` DESC LIMIT 4;
2021-11-17 09:20:38,918 INFO 5600 [egg-sequelize](2ms) Executed (default): SELECT `imgs`.* FROM (SELECT * FROM (SELECT `id`, `url`, `houseId` FROM `imgs` AS `imgs` WHERE `imgs`.`houseId` = 2 LIMIT 1) AS sub UNION ALL SELECT * FROM (SELECT `id`, `url`, `houseId` FROM `imgs` AS `imgs` WHERE `imgs`.`houseId` = 1 LIMIT 1) AS sub UNION ALL SELECT * FROM (SELECT `id`, `url`, `houseId` FROM `imgs` AS `imgs` WHERE `imgs`.`houseId` = 3 LIMIT 1) AS sub UNION ALL SELECT * FROM (SELECT `id`, `url`, `houseId` FROM `imgs` AS `imgs` WHERE `imgs`.`houseId` = 4 LIMIT 1) AS sub) AS `imgs`;
2021-11-17 09:20:40,264 INFO 5600 [egg-sequelize](14ms) Executed (default): SELECT `house`.`id`, `house`.`name`, `house`.`info`, `house`.`addres`, `house`.`price`, `house`.`cityCode`, `house`.`showCount`, `house`.`publishTime`, `house`.`startTime`, `house`.`endTime`, `imgs`.`id` AS `imgs.id`, `imgs`.`url` AS `imgs.url` FROM `house` AS `house` LEFT OUTER JOIN `imgs` AS `imgs` ON `house`.`id` = `imgs`.`houseId` WHERE `house`.`id` = 1;
2021-11-17 09:20:40,272 INFO 5600 [egg-sequelize](5ms) Executed (default): SELECT `id`, `username`, `password`, `avatar`, `phone`, `sign`, `createTime`, `updateTime` FROM `user` AS `user` WHERE `user`.`username` = 'admin' LIMIT 1;
2021-11-17 09:20:40,279 INFO 5600 [egg-sequelize](6ms) Executed (default): SELECT `id`, `username`, `password`, `avatar`, `phone`, `sign`, `createTime`, `updateTime` FROM `user` AS `user` WHERE `user`.`username` = 'admin' LIMIT 1;
2021-11-17 09:20:40,287 INFO 5600 [egg-sequelize](1ms) Executed (default): SELECT `id`, `order_number`, `userId`, `houseId`, `isPayed`, `createTime`, `updateTime` FROM `orders` AS `orders` WHERE `orders`.`userId` = 1 AND `orders`.`houseId` = 1 LIMIT 1;
2021-11-17 09:20:40,302 INFO 5600 [egg-sequelize](17ms) Executed (default): SELECT `comment`.`id`, `comment`.`userId`, `comment`.`houseId`, `comment`.`msg`, `comment`.`createTime`, `user`.`id` AS `user.id`, `user`.`avatar` AS `user.avatar`, `user`.`username` AS `user.username` FROM `comment` AS `comment` LEFT OUTER JOIN `user` AS `user` ON `comment`.`userId` = `user`.`id` WHERE `comment`.`houseId` = 1 AND `comment`.`userId` = 1 LIMIT 0, 8;
2021-11-17 09:20:40,310 INFO 5600 [egg-sequelize](29ms) Executed (default): UPDATE `house` SET `showCount`=? WHERE `id` = ?
2021-11-17 09:20:41,843 INFO 5600 [egg-sequelize](1ms) Executed (default): SELECT `house`.`id`, `house`.`name`, `house`.`info`, `house`.`addres`, `house`.`price`, `house`.`cityCode`, `house`.`showCount` FROM `house` AS `house` ORDER BY `house`.`showCount` DESC LIMIT 4;
2021-11-17 09:20:41,852 INFO 5600 [egg-sequelize](2ms) Executed (default): SELECT `imgs`.* FROM (SELECT * FROM (SELECT `id`, `url`, `houseId` FROM `imgs` AS `imgs` WHERE `imgs`.`houseId` = 2 LIMIT 1) AS sub UNION ALL SELECT * FROM (SELECT `id`, `url`, `houseId` FROM `imgs` AS `imgs` WHERE `imgs`.`houseId` = 1 LIMIT 1) AS sub UNION ALL SELECT * FROM (SELECT `id`, `url`, `houseId` FROM `imgs` AS `imgs` WHERE `imgs`.`houseId` = 3 LIMIT 1) AS sub UNION ALL SELECT * FROM (SELECT `id`, `url`, `houseId` FROM `imgs` AS `imgs` WHERE `imgs`.`houseId` = 4 LIMIT 1) AS sub) AS `imgs`;
2021-11-17 09:20:42,909 INFO 5600 [egg-sequelize](6ms) Executed (default): SELECT `house`.`id`, `house`.`name`, `house`.`info`, `house`.`addres`, `house`.`price`, `house`.`cityCode`, `house`.`showCount`, `house`.`publishTime`, `house`.`startTime`, `house`.`endTime`, `imgs`.`id` AS `imgs.id`, `imgs`.`url` AS `imgs.url` FROM `house` AS `house` LEFT OUTER JOIN `imgs` AS `imgs` ON `house`.`id` = `imgs`.`houseId` WHERE `house`.`id` = 2;
2021-11-17 09:20:42,915 INFO 5600 [egg-sequelize](9ms) Executed (default): SELECT `id`, `username`, `password`, `avatar`, `phone`, `sign`, `createTime`, `updateTime` FROM `user` AS `user` WHERE `user`.`username` = 'admin' LIMIT 1;
2021-11-17 09:20:42,918 INFO 5600 [egg-sequelize](10ms) Executed (default): SELECT `id`, `username`, `password`, `avatar`, `phone`, `sign`, `createTime`, `updateTime` FROM `user` AS `user` WHERE `user`.`username` = 'admin' LIMIT 1;
2021-11-17 09:20:42,922 INFO 5600 [egg-sequelize](4ms) Executed (default): SELECT `id`, `order_number`, `userId`, `houseId`, `isPayed`, `createTime`, `updateTime` FROM `orders` AS `orders` WHERE `orders`.`userId` = 1 AND `orders`.`houseId` = 2 LIMIT 1;
2021-11-17 09:20:42,935 INFO 5600 [egg-sequelize](22ms) Executed (default): UPDATE `house` SET `showCount`=? WHERE `id` = ?
2021-11-17 09:20:42,938 INFO 5600 [egg-sequelize](17ms) Executed (default): SELECT `comment`.`id`, `comment`.`userId`, `comment`.`houseId`, `comment`.`msg`, `comment`.`createTime`, `user`.`id` AS `user.id`, `user`.`avatar` AS `user.avatar`, `user`.`username` AS `user.username` FROM `comment` AS `comment` LEFT OUTER JOIN `user` AS `user` ON `comment`.`userId` = `user`.`id` WHERE `comment`.`houseId` = 2 AND `comment`.`userId` = 1 LIMIT 0, 8;
2021-11-17 09:20:44,895 INFO 5600 [egg-sequelize](2ms) Executed (default): SELECT `house`.`id`, `house`.`name`, `house`.`info`, `house`.`addres`, `house`.`price`, `house`.`cityCode`, `house`.`showCount` FROM `house` AS `house` ORDER BY `house`.`showCount` DESC LIMIT 4;
2021-11-17 09:20:44,902 INFO 5600 [egg-sequelize](2ms) Executed (default): SELECT `imgs`.* FROM (SELECT * FROM (SELECT `id`, `url`, `houseId` FROM `imgs` AS `imgs` WHERE `imgs`.`houseId` = 2 LIMIT 1) AS sub UNION ALL SELECT * FROM (SELECT `id`, `url`, `houseId` FROM `imgs` AS `imgs` WHERE `imgs`.`houseId` = 1 LIMIT 1) AS sub UNION ALL SELECT * FROM (SELECT `id`, `url`, `houseId` FROM `imgs` AS `imgs` WHERE `imgs`.`houseId` = 3 LIMIT 1) AS sub UNION ALL SELECT * FROM (SELECT `id`, `url`, `houseId` FROM `imgs` AS `imgs` WHERE `imgs`.`houseId` = 4 LIMIT 1) AS sub) AS `imgs`;
